  [1m[35m (0.2ms)[0m  [1m[35mCREATE TABLE "schema_migrations" ("version" varchar NOT NULL PRIMARY KEY)[0m
  [1m[35m (0.1ms)[0m  [1m[35mCREATE TABLE "ar_internal_metadata" ("key" varchar NOT NULL PRIMARY KEY, "value" varchar, "created_at" datetime(6) NOT NULL, "updated_at" datetime(6) NOT NULL)[0m
  [1m[36mActiveRecord::InternalMetadata Load (0.1ms)[0m  [1m[34mSELECT * FROM "ar_internal_metadata" WHERE "ar_internal_metadata"."key" = ? ORDER BY "ar_internal_metadata"."key" ASC LIMIT 1[0m  [[nil, "environment"]]
  [1m[36mActiveRecord::InternalMetadata Create (0.1ms)[0m  [1m[32mINSERT INTO "ar_internal_metadata" ("key", "value", "created_at", "updated_at") VALUES ('environment', 'development', '2024-10-06 09:24:11.424208', '2024-10-06 09:24:11.424210') RETURNING "key"[0m
  [1m[36mActiveRecord::SchemaMigration Load (0.0ms)[0m  [1m[34mSELECT "schema_migrations"."version" FROM "schema_migrations" ORDER BY "schema_migrations"."version" ASC[0m
Migrating to CreateBooks (20241006092401)
  [1m[36mTRANSACTION (0.0ms)[0m  [1m[36mbegin transaction[0m
  [1m[35m (0.4ms)[0m  [1m[35mCREATE TABLE "books" ("id" integer PRIMARY KEY AUTOINCREMENT NOT NULL, "created_at" datetime(6) NOT NULL, "updated_at" datetime(6) NOT NULL)[0m
  [1m[36mActiveRecord::SchemaMigration Create (0.0ms)[0m  [1m[32mINSERT INTO "schema_migrations" ("version") VALUES ('20241006092401') RETURNING "version"[0m
  [1m[36mTRANSACTION (0.1ms)[0m  [1m[36mcommit transaction[0m
  [1m[36mActiveRecord::SchemaMigration Load (0.0ms)[0m  [1m[34mSELECT "schema_migrations"."version" FROM "schema_migrations" ORDER BY "schema_migrations"."version" ASC[0m
Started GET "/books/2" for ::1 at 2024-10-06 19:12:25 +0900
  [1m[36mActiveRecord::SchemaMigration Load (0.1ms)[0m  [1m[34mSELECT "schema_migrations"."version" FROM "schema_migrations" ORDER BY "schema_migrations"."version" ASC[0m
Processing by BooksController#show as HTML
  Parameters: {"id"=>"2"}
  [1m[36mBook Load (0.0ms)[0m  [1m[34mSELECT "books".* FROM "books" WHERE "books"."id" = ? LIMIT ?[0m  [["id", 2], ["LIMIT", 1]]
  ↳ app/controllers/books_controller.rb:23:in `show'
  Rendering layout layouts/application.html.erb
  Rendering books/show.html.erb within layouts/application
  Rendered books/show.html.erb within layouts/application (Duration: 4.2ms | Allocations: 6243)
  Rendered layout layouts/application.html.erb (Duration: 4.3ms | Allocations: 6375)
Completed 500 Internal Server Error in 22ms (ActiveRecord: 1.2ms | Allocations: 24126)


  
ActionView::Template::Error (undefined method `title' for #<Book id: 2, created_at: nil, updated_at: nil>):
    1: <strong>Title:</strong> <%= @book.title %><br>
    2: <strong>Body:</strong> <%= @book.body %><br>
    3: 
    4: <%= link_to 'Edit', edit_book_path(@book) %> |
  
app/views/books/show.html.erb:1
Started GET "/books/" for ::1 at 2024-10-06 19:13:11 +0900
Processing by BooksController#index as HTML
  Rendering layout layouts/application.html.erb
  Rendering books/index.html.erb within layouts/application
  [1m[36mBook Load (0.2ms)[0m  [1m[34mSELECT "books".* FROM "books"[0m
  ↳ app/views/books/index.html.erb:12
  Rendered books/index.html.erb within layouts/application (Duration: 9.6ms | Allocations: 6829)
  Rendered layout layouts/application.html.erb (Duration: 9.8ms | Allocations: 6912)
Completed 500 Internal Server Error in 13ms (ActiveRecord: 0.2ms | Allocations: 7307)


  
ActionView::Template::Error (undefined method `title' for #<Book id: 1, created_at: nil, updated_at: nil>):
    11:         <tbody>
    12:         <% @books.each do |book| %>
    13:             <tr>
    14:             <td><%= book.title %></td>
    15:             <td><%= book.body %></td>
    16:             <td><%= link_to 'Show', book_path(book) %></td>
    17:             <td><%= link_to 'Edit', edit_book_path(book) %></td>
  
app/views/books/index.html.erb:14
app/views/books/index.html.erb:12
  [1m[36mActiveRecord::InternalMetadata Load (0.1ms)[0m  [1m[34mSELECT * FROM "ar_internal_metadata" WHERE "ar_internal_metadata"."key" = ? ORDER BY "ar_internal_metadata"."key" ASC LIMIT 1[0m  [[nil, "environment"]]
  [1m[36mActiveRecord::SchemaMigration Load (0.0ms)[0m  [1m[34mSELECT "schema_migrations"."version" FROM "schema_migrations" ORDER BY "schema_migrations"."version" ASC[0m
  [1m[36mActiveRecord::SchemaMigration Load (0.0ms)[0m  [1m[34mSELECT "schema_migrations"."version" FROM "schema_migrations" ORDER BY "schema_migrations"."version" ASC[0m
  [1m[36mActiveRecord::InternalMetadata Load (0.1ms)[0m  [1m[34mSELECT * FROM "ar_internal_metadata" WHERE "ar_internal_metadata"."key" = ? ORDER BY "ar_internal_metadata"."key" ASC LIMIT 1[0m  [[nil, "environment"]]
  [1m[36mActiveRecord::SchemaMigration Load (0.0ms)[0m  [1m[34mSELECT "schema_migrations"."version" FROM "schema_migrations" ORDER BY "schema_migrations"."version" ASC[0m
  [1m[36mActiveRecord::SchemaMigration Load (0.0ms)[0m  [1m[34mSELECT "schema_migrations"."version" FROM "schema_migrations" ORDER BY "schema_migrations"."version" ASC[0m
  [1m[36mActiveRecord::SchemaMigration Load (0.0ms)[0m  [1m[34mSELECT "schema_migrations"."version" FROM "schema_migrations" ORDER BY "schema_migrations"."version" ASC[0m
  [1m[36mActiveRecord::SchemaMigration Load (0.2ms)[0m  [1m[34mSELECT "schema_migrations"."version" FROM "schema_migrations" ORDER BY "schema_migrations"."version" ASC[0m
  [1m[36mActiveRecord::SchemaMigration Load (0.0ms)[0m  [1m[34mSELECT "schema_migrations"."version" FROM "schema_migrations" ORDER BY "schema_migrations"."version" ASC[0m
  [1m[36mActiveRecord::SchemaMigration Load (0.0ms)[0m  [1m[34mSELECT "schema_migrations"."version" FROM "schema_migrations" ORDER BY "schema_migrations"."version" ASC[0m
  [1m[36mActiveRecord::SchemaMigration Load (0.0ms)[0m  [1m[34mSELECT "schema_migrations"."version" FROM "schema_migrations" ORDER BY "schema_migrations"."version" ASC[0m
Migrating to CreateBooks (20241006092401)
  [1m[36mTRANSACTION (0.0ms)[0m  [1m[36mbegin transaction[0m
  [1m[35m (0.5ms)[0m  [1m[35mDROP TABLE "books"[0m
  [1m[36mActiveRecord::SchemaMigration Destroy (0.0ms)[0m  [1m[31mDELETE FROM "schema_migrations" WHERE "schema_migrations"."version" = '20241006092401'[0m
  [1m[36mTRANSACTION (0.2ms)[0m  [1m[36mcommit transaction[0m
  [1m[36mActiveRecord::SchemaMigration Load (0.0ms)[0m  [1m[34mSELECT "schema_migrations"."version" FROM "schema_migrations" ORDER BY "schema_migrations"."version" ASC[0m
  [1m[36mActiveRecord::InternalMetadata Load (0.1ms)[0m  [1m[34mSELECT * FROM "ar_internal_metadata" WHERE "ar_internal_metadata"."key" = ? ORDER BY "ar_internal_metadata"."key" ASC LIMIT 1[0m  [[nil, "environment"]]
  [1m[36mActiveRecord::SchemaMigration Load (0.0ms)[0m  [1m[34mSELECT "schema_migrations"."version" FROM "schema_migrations" ORDER BY "schema_migrations"."version" ASC[0m
Migrating to CreateBooks (20241006092401)
  [1m[36mTRANSACTION (0.0ms)[0m  [1m[36mbegin transaction[0m
  [1m[35m (0.4ms)[0m  [1m[35mCREATE TABLE "books" ("id" integer PRIMARY KEY AUTOINCREMENT NOT NULL, "title" varchar, "body" varchar, "created_at" datetime(6) NOT NULL, "updated_at" datetime(6) NOT NULL)[0m
  [1m[36mActiveRecord::SchemaMigration Create (0.0ms)[0m  [1m[32mINSERT INTO "schema_migrations" ("version") VALUES ('20241006092401') RETURNING "version"[0m
  [1m[36mTRANSACTION (0.0ms)[0m  [1m[36mcommit transaction[0m
  [1m[36mActiveRecord::SchemaMigration Load (0.0ms)[0m  [1m[34mSELECT "schema_migrations"."version" FROM "schema_migrations" ORDER BY "schema_migrations"."version" ASC[0m
Started GET "/" for 127.0.0.1 at 2024-10-06 20:02:46 +0900
  [1m[36mActiveRecord::SchemaMigration Load (0.1ms)[0m  [1m[34mSELECT "schema_migrations"."version" FROM "schema_migrations" ORDER BY "schema_migrations"."version" ASC[0m
Processing by HomesController#top as HTML
  Rendering layout layouts/application.html.erb
  Rendering homes/top.html.erb within layouts/application
  Rendered homes/top.html.erb within layouts/application (Duration: 0.4ms | Allocations: 394)
  Rendered layout layouts/application.html.erb (Duration: 24.7ms | Allocations: 35718)
Completed 200 OK in 32ms (Views: 27.9ms | ActiveRecord: 0.0ms | Allocations: 40045)


Started GET "/books" for 127.0.0.1 at 2024-10-06 20:02:48 +0900
Processing by BooksController#index as HTML
  Rendering layout layouts/application.html.erb
  Rendering books/index.html.erb within layouts/application
  [1m[36mBook Load (0.1ms)[0m  [1m[34mSELECT "books".* FROM "books"[0m
  ↳ app/views/books/index.html.erb:12
  Rendered books/index.html.erb within layouts/application (Duration: 5.1ms | Allocations: 7527)
  Rendered layout layouts/application.html.erb (Duration: 5.1ms | Allocations: 7624)
Completed 500 Internal Server Error in 48ms (ActiveRecord: 1.2ms | Allocations: 19075)


  
ActionView::Template::Error (undefined method `title' for #<Book id: 1, created_at: nil, updated_at: nil>):
    11:         <tbody>
    12:         <% @books.each do |book| %>
    13:             <tr>
    14:             <td><%= book.title %></td>
    15:             <td><%= book.body %></td>
    16:             <td><%= link_to 'Show', book_path(book) %></td>
    17:             <td><%= link_to 'Edit', edit_book_path(book) %></td>
  
app/views/books/index.html.erb:14
app/views/books/index.html.erb:12
  [1m[36mActiveRecord::InternalMetadata Load (0.1ms)[0m  [1m[34mSELECT * FROM "ar_internal_metadata" WHERE "ar_internal_metadata"."key" = ? ORDER BY "ar_internal_metadata"."key" ASC LIMIT 1[0m  [[nil, "environment"]]
  [1m[36mActiveRecord::SchemaMigration Load (0.0ms)[0m  [1m[34mSELECT "schema_migrations"."version" FROM "schema_migrations" ORDER BY "schema_migrations"."version" ASC[0m
  [1m[36mActiveRecord::SchemaMigration Load (0.0ms)[0m  [1m[34mSELECT "schema_migrations"."version" FROM "schema_migrations" ORDER BY "schema_migrations"."version" ASC[0m
  [1m[36mActiveRecord::InternalMetadata Load (0.1ms)[0m  [1m[34mSELECT * FROM "ar_internal_metadata" WHERE "ar_internal_metadata"."key" = ? ORDER BY "ar_internal_metadata"."key" ASC LIMIT 1[0m  [[nil, "environment"]]
  [1m[36mActiveRecord::SchemaMigration Load (0.0ms)[0m  [1m[34mSELECT "schema_migrations"."version" FROM "schema_migrations" ORDER BY "schema_migrations"."version" ASC[0m
  [1m[36mActiveRecord::SchemaMigration Load (0.0ms)[0m  [1m[34mSELECT "schema_migrations"."version" FROM "schema_migrations" ORDER BY "schema_migrations"."version" ASC[0m
  [1m[36mActiveRecord::SchemaMigration Load (0.1ms)[0m  [1m[34mSELECT "schema_migrations"."version" FROM "schema_migrations" ORDER BY "schema_migrations"."version" ASC[0m
  [1m[36mActiveRecord::SchemaMigration Load (0.1ms)[0m  [1m[34mSELECT "schema_migrations"."version" FROM "schema_migrations" ORDER BY "schema_migrations"."version" ASC[0m
  [1m[36mActiveRecord::InternalMetadata Load (0.2ms)[0m  [1m[34mSELECT * FROM "ar_internal_metadata" WHERE "ar_internal_metadata"."key" = ? ORDER BY "ar_internal_metadata"."key" ASC LIMIT 1[0m  [[nil, "environment"]]
  [1m[36mActiveRecord::SchemaMigration Load (0.0ms)[0m  [1m[34mSELECT "schema_migrations"."version" FROM "schema_migrations" ORDER BY "schema_migrations"."version" ASC[0m
  [1m[36mActiveRecord::InternalMetadata Load (0.0ms)[0m  [1m[34mSELECT * FROM "ar_internal_metadata" WHERE "ar_internal_metadata"."key" = ? ORDER BY "ar_internal_metadata"."key" ASC LIMIT 1[0m  [[nil, "environment"]]
  [1m[36mActiveRecord::SchemaMigration Load (0.0ms)[0m  [1m[34mSELECT "schema_migrations"."version" FROM "schema_migrations" ORDER BY "schema_migrations"."version" ASC[0m
  [1m[36mActiveRecord::InternalMetadata Load (0.0ms)[0m  [1m[34mSELECT * FROM "ar_internal_metadata" WHERE "ar_internal_metadata"."key" = ? ORDER BY "ar_internal_metadata"."key" ASC LIMIT 1[0m  [[nil, "environment"]]
  [1m[35m (0.2ms)[0m  [1m[35mCREATE TABLE "schema_migrations" ("version" varchar NOT NULL PRIMARY KEY)[0m
  [1m[35m (0.1ms)[0m  [1m[35mCREATE TABLE "ar_internal_metadata" ("key" varchar NOT NULL PRIMARY KEY, "value" varchar, "created_at" datetime(6) NOT NULL, "updated_at" datetime(6) NOT NULL)[0m
  [1m[36mActiveRecord::InternalMetadata Load (0.0ms)[0m  [1m[34mSELECT * FROM "ar_internal_metadata" WHERE "ar_internal_metadata"."key" = ? ORDER BY "ar_internal_metadata"."key" ASC LIMIT 1[0m  [[nil, "environment"]]
  [1m[36mActiveRecord::InternalMetadata Create (0.1ms)[0m  [1m[32mINSERT INTO "ar_internal_metadata" ("key", "value", "created_at", "updated_at") VALUES ('environment', 'development', '2024-10-06 11:06:25.727464', '2024-10-06 11:06:25.727467') RETURNING "key"[0m
  [1m[36mActiveRecord::SchemaMigration Load (0.0ms)[0m  [1m[34mSELECT "schema_migrations"."version" FROM "schema_migrations" ORDER BY "schema_migrations"."version" ASC[0m
Migrating to CreateBooks (20241006092401)
  [1m[36mTRANSACTION (0.0ms)[0m  [1m[36mbegin transaction[0m
  [1m[35m (0.4ms)[0m  [1m[35mCREATE TABLE "books" ("id" integer PRIMARY KEY AUTOINCREMENT NOT NULL, "title" varchar, "body" varchar, "created_at" datetime(6) NOT NULL, "updated_at" datetime(6) NOT NULL)[0m
  [1m[36mActiveRecord::SchemaMigration Create (0.0ms)[0m  [1m[32mINSERT INTO "schema_migrations" ("version") VALUES ('20241006092401') RETURNING "version"[0m
  [1m[36mTRANSACTION (0.1ms)[0m  [1m[36mcommit transaction[0m
  [1m[36mActiveRecord::SchemaMigration Load (0.0ms)[0m  [1m[34mSELECT "schema_migrations"."version" FROM "schema_migrations" ORDER BY "schema_migrations"."version" ASC[0m
  [1m[36mActiveRecord::SchemaMigration Load (0.0ms)[0m  [1m[34mSELECT "schema_migrations"."version" FROM "schema_migrations" ORDER BY "schema_migrations"."version" ASC[0m
Started GET "/" for 127.0.0.1 at 2024-10-06 20:06:38 +0900
  [1m[36mActiveRecord::SchemaMigration Load (0.1ms)[0m  [1m[34mSELECT "schema_migrations"."version" FROM "schema_migrations" ORDER BY "schema_migrations"."version" ASC[0m
Processing by HomesController#top as HTML
  Rendering layout layouts/application.html.erb
  Rendering homes/top.html.erb within layouts/application
  Rendered homes/top.html.erb within layouts/application (Duration: 0.5ms | Allocations: 394)
  Rendered layout layouts/application.html.erb (Duration: 31.5ms | Allocations: 35741)
Completed 200 OK in 38ms (Views: 33.9ms | ActiveRecord: 0.0ms | Allocations: 40068)


Started GET "/books" for 127.0.0.1 at 2024-10-06 20:06:39 +0900
Processing by BooksController#index as HTML
  Rendering layout layouts/application.html.erb
  Rendering books/index.html.erb within layouts/application
  [1m[36mBook Load (0.1ms)[0m  [1m[34mSELECT "books".* FROM "books"[0m
  ↳ app/views/books/index.html.erb:12
  Rendered books/index.html.erb within layouts/application (Duration: 3.1ms | Allocations: 3447)
  Rendered layout layouts/application.html.erb (Duration: 3.8ms | Allocations: 4757)
Completed 200 OK in 39ms (Views: 4.2ms | ActiveRecord: 6.5ms | Allocations: 17320)


Started POST "/books" for 127.0.0.1 at 2024-10-06 20:06:43 +0900
Processing by BooksController#create as TURBO_STREAM
  Parameters: {"authenticity_token"=>"[FILTERED]", "book"=>{"title"=>"a", "body"=>"a"}, "commit"=>"Create Book"}
  [1m[36mTRANSACTION (0.1ms)[0m  [1m[36mbegin transaction[0m
  ↳ app/controllers/books_controller.rb:8:in `create'
  [1m[36mBook Create (1.2ms)[0m  [1m[32mINSERT INTO "books" ("title", "body", "created_at", "updated_at") VALUES (?, ?, ?, ?) RETURNING "id"[0m  [["title", "a"], ["body", "a"], ["created_at", "2024-10-06 11:06:43.200588"], ["updated_at", "2024-10-06 11:06:43.200588"]]
  ↳ app/controllers/books_controller.rb:8:in `create'
  [1m[36mTRANSACTION (0.4ms)[0m  [1m[36mcommit transaction[0m
  ↳ app/controllers/books_controller.rb:8:in `create'
Redirected to http://127.0.0.1:3000/books/1
Completed 302 Found in 7ms (ActiveRecord: 1.6ms | Allocations: 4036)


Started GET "/books/1" for 127.0.0.1 at 2024-10-06 20:06:43 +0900
Processing by BooksController#show as TURBO_STREAM
  Parameters: {"id"=>"1"}
  [1m[36mBook Load (0.1ms)[0m  [1m[34mSELECT "books".* FROM "books" WHERE "books"."id" = ? LIMIT ?[0m  [["id", 1], ["LIMIT", 1]]
  ↳ app/controllers/books_controller.rb:23:in `show'
  Rendering layout layouts/application.html.erb
  Rendering books/show.html.erb within layouts/application
  Rendered books/show.html.erb within layouts/application (Duration: 0.6ms | Allocations: 292)
  Rendered layout layouts/application.html.erb (Duration: 2.4ms | Allocations: 1872)
Completed 200 OK in 7ms (Views: 2.7ms | ActiveRecord: 0.1ms | Allocations: 4775)


Started GET "/books" for 127.0.0.1 at 2024-10-06 20:06:44 +0900
Processing by BooksController#index as HTML
  Rendering layout layouts/application.html.erb
  Rendering books/index.html.erb within layouts/application
  [1m[36mBook Load (0.1ms)[0m  [1m[34mSELECT "books".* FROM "books"[0m
  ↳ app/views/books/index.html.erb:12
  Rendered books/index.html.erb within layouts/application (Duration: 3.3ms | Allocations: 1631)
  Rendered layout layouts/application.html.erb (Duration: 5.7ms | Allocations: 2799)
Completed 200 OK in 7ms (Views: 6.0ms | ActiveRecord: 0.1ms | Allocations: 3088)


Started POST "/books" for 127.0.0.1 at 2024-10-06 20:06:48 +0900
Processing by BooksController#create as TURBO_STREAM
  Parameters: {"authenticity_token"=>"[FILTERED]", "book"=>{"title"=>"bb", "body"=>"b"}, "commit"=>"Create Book"}
  [1m[36mTRANSACTION (0.1ms)[0m  [1m[36mbegin transaction[0m
  ↳ app/controllers/books_controller.rb:8:in `create'
  [1m[36mBook Create (0.9ms)[0m  [1m[32mINSERT INTO "books" ("title", "body", "created_at", "updated_at") VALUES (?, ?, ?, ?) RETURNING "id"[0m  [["title", "bb"], ["body", "b"], ["created_at", "2024-10-06 11:06:48.991594"], ["updated_at", "2024-10-06 11:06:48.991594"]]
  ↳ app/controllers/books_controller.rb:8:in `create'
  [1m[36mTRANSACTION (0.1ms)[0m  [1m[36mcommit transaction[0m
  ↳ app/controllers/books_controller.rb:8:in `create'
Redirected to http://127.0.0.1:3000/books/2
Completed 302 Found in 4ms (ActiveRecord: 1.0ms | Allocations: 2493)


Started GET "/books/2" for 127.0.0.1 at 2024-10-06 20:06:48 +0900
Processing by BooksController#show as TURBO_STREAM
  Parameters: {"id"=>"2"}
  [1m[36mBook Load (0.0ms)[0m  [1m[34mSELECT "books".* FROM "books" WHERE "books"."id" = ? LIMIT ?[0m  [["id", 2], ["LIMIT", 1]]
  ↳ app/controllers/books_controller.rb:23:in `show'
  Rendering layout layouts/application.html.erb
  Rendering books/show.html.erb within layouts/application
  Rendered books/show.html.erb within layouts/application (Duration: 0.1ms | Allocations: 66)
  Rendered layout layouts/application.html.erb (Duration: 1.6ms | Allocations: 1493)
Completed 200 OK in 3ms (Views: 1.8ms | ActiveRecord: 0.0ms | Allocations: 2273)


Started GET "/books" for 127.0.0.1 at 2024-10-06 20:06:50 +0900
Processing by BooksController#index as HTML
  Rendering layout layouts/application.html.erb
  Rendering books/index.html.erb within layouts/application
  [1m[36mBook Load (0.1ms)[0m  [1m[34mSELECT "books".* FROM "books"[0m
  ↳ app/views/books/index.html.erb:12
  Rendered books/index.html.erb within layouts/application (Duration: 3.4ms | Allocations: 1631)
  Rendered layout layouts/application.html.erb (Duration: 5.3ms | Allocations: 2791)
Completed 200 OK in 7ms (Views: 5.8ms | ActiveRecord: 0.1ms | Allocations: 3062)


Started GET "/books/1" for 127.0.0.1 at 2024-10-06 20:06:50 +0900
Processing by BooksController#show as HTML
  Parameters: {"id"=>"1"}
  [1m[36mBook Load (0.1ms)[0m  [1m[34mSELECT "books".* FROM "books" WHERE "books"."id" = ? LIMIT ?[0m  [["id", 1], ["LIMIT", 1]]
  ↳ app/controllers/books_controller.rb:23:in `show'
  Rendering layout layouts/application.html.erb
  Rendering books/show.html.erb within layouts/application
  Rendered books/show.html.erb within layouts/application (Duration: 0.2ms | Allocations: 66)
  Rendered layout layouts/application.html.erb (Duration: 1.9ms | Allocations: 1465)
Completed 200 OK in 4ms (Views: 2.2ms | ActiveRecord: 0.1ms | Allocations: 2237)


Started GET "/books" for 127.0.0.1 at 2024-10-06 20:06:51 +0900
Processing by BooksController#index as HTML
  Rendering layout layouts/application.html.erb
  Rendering books/index.html.erb within layouts/application
  [1m[36mBook Load (0.1ms)[0m  [1m[34mSELECT "books".* FROM "books"[0m
  ↳ app/views/books/index.html.erb:12
  Rendered books/index.html.erb within layouts/application (Duration: 3.2ms | Allocations: 1594)
  Rendered layout layouts/application.html.erb (Duration: 5.5ms | Allocations: 2754)
Completed 200 OK in 7ms (Views: 5.9ms | ActiveRecord: 0.1ms | Allocations: 3021)


Started GET "/books/1/edit" for 127.0.0.1 at 2024-10-06 20:06:53 +0900
Processing by BooksController#edit as HTML
  Parameters: {"id"=>"1"}
  [1m[36mBook Load (0.1ms)[0m  [1m[34mSELECT "books".* FROM "books" WHERE "books"."id" = ? LIMIT ?[0m  [["id", 1], ["LIMIT", 1]]
  ↳ app/controllers/books_controller.rb:27:in `edit'
  Rendering layout layouts/application.html.erb
  Rendering books/edit.html.erb within layouts/application
  Rendered books/edit.html.erb within layouts/application (Duration: 0.4ms | Allocations: 89)
  Rendered layout layouts/application.html.erb (Duration: 3.1ms | Allocations: 1486)
Completed 200 OK in 7ms (Views: 3.5ms | ActiveRecord: 0.1ms | Allocations: 2319)


Started GET "/books/1/edit" for 127.0.0.1 at 2024-10-06 20:06:55 +0900
Processing by BooksController#edit as HTML
  Parameters: {"id"=>"1"}
  [1m[36mBook Load (0.1ms)[0m  [1m[34mSELECT "books".* FROM "books" WHERE "books"."id" = ? LIMIT ?[0m  [["id", 1], ["LIMIT", 1]]
  ↳ app/controllers/books_controller.rb:27:in `edit'
  Rendering layout layouts/application.html.erb
  Rendering books/edit.html.erb within layouts/application
  Rendered books/edit.html.erb within layouts/application (Duration: 0.0ms | Allocations: 7)
  Rendered layout layouts/application.html.erb (Duration: 2.6ms | Allocations: 1396)
Completed 200 OK in 5ms (Views: 3.0ms | ActiveRecord: 0.1ms | Allocations: 2167)


Started GET "/books" for ::1 at 2024-10-06 20:08:06 +0900
Processing by BooksController#index as HTML
  Rendering layout layouts/application.html.erb
  Rendering books/index.html.erb within layouts/application
  [1m[36mBook Load (0.1ms)[0m  [1m[34mSELECT "books".* FROM "books"[0m
  ↳ app/views/books/index.html.erb:12
  Rendered books/index.html.erb within layouts/application (Duration: 1.8ms | Allocations: 2545)
  Rendered layout layouts/application.html.erb (Duration: 8.5ms | Allocations: 17831)
Completed 200 OK in 13ms (Views: 9.4ms | ActiveRecord: 1.2ms | Allocations: 22790)


Started GET "/books/1/edit" for ::1 at 2024-10-06 20:08:07 +0900
Processing by BooksController#edit as HTML
  Parameters: {"id"=>"1"}
  [1m[36mBook Load (0.1ms)[0m  [1m[34mSELECT "books".* FROM "books" WHERE "books"."id" = ? LIMIT ?[0m  [["id", 1], ["LIMIT", 1]]
  ↳ app/controllers/books_controller.rb:27:in `edit'
  Rendering layout layouts/application.html.erb
  Rendering books/edit.html.erb within layouts/application
  Rendered books/edit.html.erb within layouts/application (Duration: 2.3ms | Allocations: 1134)
  Rendered layout layouts/application.html.erb (Duration: 4.3ms | Allocations: 2290)
Completed 200 OK in 8ms (Views: 4.7ms | ActiveRecord: 0.1ms | Allocations: 3834)


Started GET "/books/1/edit" for ::1 at 2024-10-06 20:08:08 +0900
Processing by BooksController#edit as HTML
  Parameters: {"id"=>"1"}
  [1m[36mBook Load (0.1ms)[0m  [1m[34mSELECT "books".* FROM "books" WHERE "books"."id" = ? LIMIT ?[0m  [["id", 1], ["LIMIT", 1]]
  ↳ app/controllers/books_controller.rb:27:in `edit'
  Rendering layout layouts/application.html.erb
  Rendering books/edit.html.erb within layouts/application
  Rendered books/edit.html.erb within layouts/application (Duration: 1.5ms | Allocations: 775)
  Rendered layout layouts/application.html.erb (Duration: 3.3ms | Allocations: 1931)
Completed 200 OK in 5ms (Views: 3.7ms | ActiveRecord: 0.1ms | Allocations: 2701)


Started PATCH "/books/1" for ::1 at 2024-10-06 20:08:09 +0900
Processing by BooksController#update as TURBO_STREAM
  Parameters: {"authenticity_token"=>"[FILTERED]", "book"=>{"title"=>"a", "body"=>"a"}, "commit"=>"Update Book", "id"=>"1"}
  [1m[36mBook Load (0.1ms)[0m  [1m[34mSELECT "books".* FROM "books" WHERE "books"."id" = ? LIMIT ?[0m  [["id", 1], ["LIMIT", 1]]
  ↳ app/controllers/books_controller.rb:31:in `update'
Redirected to http://[::1]:3000/books/1
Completed 302 Found in 3ms (ActiveRecord: 0.1ms | Allocations: 1279)


Started GET "/books/1" for ::1 at 2024-10-06 20:08:09 +0900
Processing by BooksController#show as TURBO_STREAM
  Parameters: {"id"=>"1"}
  [1m[36mBook Load (0.1ms)[0m  [1m[34mSELECT "books".* FROM "books" WHERE "books"."id" = ? LIMIT ?[0m  [["id", 1], ["LIMIT", 1]]
  ↳ app/controllers/books_controller.rb:23:in `show'
  Rendering layout layouts/application.html.erb
  Rendering books/show.html.erb within layouts/application
  Rendered books/show.html.erb within layouts/application (Duration: 0.6ms | Allocations: 202)
  Rendered layout layouts/application.html.erb (Duration: 2.3ms | Allocations: 1578)
Completed 200 OK in 4ms (Views: 2.6ms | ActiveRecord: 0.1ms | Allocations: 2455)


Started GET "/books" for ::1 at 2024-10-06 20:08:10 +0900
Processing by BooksController#index as HTML
  Rendering layout layouts/application.html.erb
  Rendering books/index.html.erb within layouts/application
  [1m[36mBook Load (0.1ms)[0m  [1m[34mSELECT "books".* FROM "books"[0m
  ↳ app/views/books/index.html.erb:12
  Rendered books/index.html.erb within layouts/application (Duration: 3.1ms | Allocations: 1573)
  Rendered layout layouts/application.html.erb (Duration: 5.1ms | Allocations: 2733)
Completed 200 OK in 6ms (Views: 5.6ms | ActiveRecord: 0.1ms | Allocations: 3005)


Started GET "/books/1/edit" for ::1 at 2024-10-06 20:08:14 +0900
Processing by BooksController#edit as HTML
  Parameters: {"id"=>"1"}
  [1m[36mBook Load (0.1ms)[0m  [1m[34mSELECT "books".* FROM "books" WHERE "books"."id" = ? LIMIT ?[0m  [["id", 1], ["LIMIT", 1]]
  ↳ app/controllers/books_controller.rb:27:in `edit'
  Rendering layout layouts/application.html.erb
  Rendering books/edit.html.erb within layouts/application
  Rendered books/edit.html.erb within layouts/application (Duration: 1.6ms | Allocations: 799)
  Rendered layout layouts/application.html.erb (Duration: 3.3ms | Allocations: 1955)
Completed 200 OK in 6ms (Views: 3.7ms | ActiveRecord: 0.1ms | Allocations: 2727)


Started GET "/books/1/edit" for ::1 at 2024-10-06 20:08:15 +0900
Processing by BooksController#edit as HTML
  Parameters: {"id"=>"1"}
  [1m[36mBook Load (0.1ms)[0m  [1m[34mSELECT "books".* FROM "books" WHERE "books"."id" = ? LIMIT ?[0m  [["id", 1], ["LIMIT", 1]]
  ↳ app/controllers/books_controller.rb:27:in `edit'
  Rendering layout layouts/application.html.erb
  Rendering books/edit.html.erb within layouts/application
  Rendered books/edit.html.erb within layouts/application (Duration: 1.6ms | Allocations: 772)
  Rendered layout layouts/application.html.erb (Duration: 3.6ms | Allocations: 1928)
Completed 200 OK in 6ms (Views: 4.1ms | ActiveRecord: 0.1ms | Allocations: 2698)


Started PATCH "/books/1" for ::1 at 2024-10-06 20:08:24 +0900
Processing by BooksController#update as TURBO_STREAM
  Parameters: {"authenticity_token"=>"[FILTERED]", "book"=>{"title"=>"a.1", "body"=>"a.1"}, "commit"=>"Update Book", "id"=>"1"}
  [1m[36mBook Load (0.1ms)[0m  [1m[34mSELECT "books".* FROM "books" WHERE "books"."id" = ? LIMIT ?[0m  [["id", 1], ["LIMIT", 1]]
  ↳ app/controllers/books_controller.rb:31:in `update'
  [1m[36mTRANSACTION (0.1ms)[0m  [1m[36mbegin transaction[0m
  ↳ app/controllers/books_controller.rb:32:in `update'
  [1m[36mBook Update (1.0ms)[0m  [1m[33mUPDATE "books" SET "title" = ?, "body" = ?, "updated_at" = ? WHERE "books"."id" = ?[0m  [["title", "a.1"], ["body", "a.1"], ["updated_at", "2024-10-06 11:08:24.641757"], ["id", 1]]
  ↳ app/controllers/books_controller.rb:32:in `update'
  [1m[36mTRANSACTION (0.5ms)[0m  [1m[36mcommit transaction[0m
  ↳ app/controllers/books_controller.rb:32:in `update'
Redirected to http://[::1]:3000/books/1
Completed 302 Found in 8ms (ActiveRecord: 1.6ms | Allocations: 3107)


Started GET "/books/1" for ::1 at 2024-10-06 20:08:24 +0900
Processing by BooksController#show as TURBO_STREAM
  Parameters: {"id"=>"1"}
  [1m[36mBook Load (0.0ms)[0m  [1m[34mSELECT "books".* FROM "books" WHERE "books"."id" = ? LIMIT ?[0m  [["id", 1], ["LIMIT", 1]]
  ↳ app/controllers/books_controller.rb:23:in `show'
  Rendering layout layouts/application.html.erb
  Rendering books/show.html.erb within layouts/application
  Rendered books/show.html.erb within layouts/application (Duration: 0.2ms | Allocations: 66)
  Rendered layout layouts/application.html.erb (Duration: 1.9ms | Allocations: 1432)
Completed 200 OK in 3ms (Views: 2.3ms | ActiveRecord: 0.0ms | Allocations: 2205)


Started GET "/books/1/edit" for ::1 at 2024-10-06 20:08:26 +0900
Processing by BooksController#edit as HTML
  Parameters: {"id"=>"1"}
  [1m[36mBook Load (0.1ms)[0m  [1m[34mSELECT "books".* FROM "books" WHERE "books"."id" = ? LIMIT ?[0m  [["id", 1], ["LIMIT", 1]]
  ↳ app/controllers/books_controller.rb:27:in `edit'
  Rendering layout layouts/application.html.erb
  Rendering books/edit.html.erb within layouts/application
  Rendered books/edit.html.erb within layouts/application (Duration: 1.6ms | Allocations: 810)
  Rendered layout layouts/application.html.erb (Duration: 3.4ms | Allocations: 1966)
Completed 200 OK in 5ms (Views: 3.9ms | ActiveRecord: 0.1ms | Allocations: 2736)


Started GET "/books" for ::1 at 2024-10-06 20:08:27 +0900
Processing by BooksController#index as HTML
  Rendering layout layouts/application.html.erb
  Rendering books/index.html.erb within layouts/application
  [1m[36mBook Load (0.1ms)[0m  [1m[34mSELECT "books".* FROM "books"[0m
  ↳ app/views/books/index.html.erb:12
  Rendered books/index.html.erb within layouts/application (Duration: 2.7ms | Allocations: 1566)
  Rendered layout layouts/application.html.erb (Duration: 4.1ms | Allocations: 2726)
Completed 200 OK in 5ms (Views: 4.4ms | ActiveRecord: 0.1ms | Allocations: 2993)


Started GET "/books/2/edit" for ::1 at 2024-10-06 20:09:07 +0900
Processing by BooksController#edit as HTML
  Parameters: {"id"=>"2"}
  [1m[36mBook Load (0.1ms)[0m  [1m[34mSELECT "books".* FROM "books" WHERE "books"."id" = ? LIMIT ?[0m  [["id", 2], ["LIMIT", 1]]
  ↳ app/controllers/books_controller.rb:27:in `edit'
  Rendering layout layouts/application.html.erb
  Rendering books/edit.html.erb within layouts/application
  Rendered books/edit.html.erb within layouts/application (Duration: 1.0ms | Allocations: 781)
  Rendered layout layouts/application.html.erb (Duration: 2.5ms | Allocations: 1937)
Completed 200 OK in 5ms (Views: 2.8ms | ActiveRecord: 0.1ms | Allocations: 2707)


Started PATCH "/books/2" for ::1 at 2024-10-06 20:09:08 +0900
Processing by BooksController#update as TURBO_STREAM
  Parameters: {"authenticity_token"=>"[FILTERED]", "book"=>{"title"=>"bb", "body"=>"b"}, "commit"=>"Update Book", "id"=>"2"}
  [1m[36mBook Load (0.1ms)[0m  [1m[34mSELECT "books".* FROM "books" WHERE "books"."id" = ? LIMIT ?[0m  [["id", 2], ["LIMIT", 1]]
  ↳ app/controllers/books_controller.rb:31:in `update'
Redirected to http://[::1]:3000/books/2
Completed 302 Found in 2ms (ActiveRecord: 0.1ms | Allocations: 1041)


Started GET "/books/2" for ::1 at 2024-10-06 20:09:08 +0900
Processing by BooksController#show as TURBO_STREAM
  Parameters: {"id"=>"2"}
  [1m[36mBook Load (0.1ms)[0m  [1m[34mSELECT "books".* FROM "books" WHERE "books"."id" = ? LIMIT ?[0m  [["id", 2], ["LIMIT", 1]]
  ↳ app/controllers/books_controller.rb:23:in `show'
  Rendering layout layouts/application.html.erb
  Rendering books/show.html.erb within layouts/application
  Rendered books/show.html.erb within layouts/application (Duration: 0.2ms | Allocations: 66)
  Rendered layout layouts/application.html.erb (Duration: 1.9ms | Allocations: 1438)
Completed 200 OK in 3ms (Views: 2.3ms | ActiveRecord: 0.1ms | Allocations: 2211)


Started GET "/books" for ::1 at 2024-10-06 20:09:10 +0900
Processing by BooksController#index as HTML
  Rendering layout layouts/application.html.erb
  Rendering books/index.html.erb within layouts/application
  [1m[36mBook Load (0.0ms)[0m  [1m[34mSELECT "books".* FROM "books"[0m
  ↳ app/views/books/index.html.erb:12
  Rendered books/index.html.erb within layouts/application (Duration: 1.5ms | Allocations: 1563)
  Rendered layout layouts/application.html.erb (Duration: 2.9ms | Allocations: 2723)
Completed 200 OK in 4ms (Views: 3.2ms | ActiveRecord: 0.0ms | Allocations: 2990)


Started GET "/books/1/edit" for ::1 at 2024-10-06 20:09:58 +0900
Processing by BooksController#edit as HTML
  Parameters: {"id"=>"1"}
  [1m[36mBook Load (0.0ms)[0m  [1m[34mSELECT "books".* FROM "books" WHERE "books"."id" = ? LIMIT ?[0m  [["id", 1], ["LIMIT", 1]]
  ↳ app/controllers/books_controller.rb:27:in `edit'
  Rendering layout layouts/application.html.erb
  Rendering books/edit.html.erb within layouts/application
  Rendered books/edit.html.erb within layouts/application (Duration: 1.4ms | Allocations: 1418)
  Rendered layout layouts/application.html.erb (Duration: 12.4ms | Allocations: 16610)
Completed 200 OK in 19ms (Views: 13.5ms | ActiveRecord: 1.2ms | Allocations: 22720)


Started PATCH "/books/1" for ::1 at 2024-10-06 20:09:59 +0900
Processing by BooksController#update as TURBO_STREAM
  Parameters: {"authenticity_token"=>"[FILTERED]", "book"=>{"title"=>"a.1", "body"=>"a.1"}, "commit"=>"Update Book", "id"=>"1"}
  [1m[36mBook Load (0.1ms)[0m  [1m[34mSELECT "books".* FROM "books" WHERE "books"."id" = ? LIMIT ?[0m  [["id", 1], ["LIMIT", 1]]
  ↳ app/controllers/books_controller.rb:31:in `update'
Redirected to http://[::1]:3000/books/1
Completed 302 Found in 3ms (ActiveRecord: 0.1ms | Allocations: 1323)


Started GET "/books/1" for ::1 at 2024-10-06 20:09:59 +0900
Processing by BooksController#show as TURBO_STREAM
  Parameters: {"id"=>"1"}
  [1m[36mBook Load (0.1ms)[0m  [1m[34mSELECT "books".* FROM "books" WHERE "books"."id" = ? LIMIT ?[0m  [["id", 1], ["LIMIT", 1]]
  ↳ app/controllers/books_controller.rb:23:in `show'
  Rendering layout layouts/application.html.erb
  Rendering books/show.html.erb within layouts/application
  Rendered books/show.html.erb within layouts/application (Duration: 0.8ms | Allocations: 215)
  Rendered layout layouts/application.html.erb (Duration: 2.3ms | Allocations: 1601)
Completed 200 OK in 4ms (Views: 2.6ms | ActiveRecord: 0.1ms | Allocations: 2489)


Started GET "/books/1/edit" for ::1 at 2024-10-06 20:10:01 +0900
Processing by BooksController#edit as HTML
  Parameters: {"id"=>"1"}
  [1m[36mBook Load (0.1ms)[0m  [1m[34mSELECT "books".* FROM "books" WHERE "books"."id" = ? LIMIT ?[0m  [["id", 1], ["LIMIT", 1]]
  ↳ app/controllers/books_controller.rb:27:in `edit'
  Rendering layout layouts/application.html.erb
  Rendering books/edit.html.erb within layouts/application
  Rendered books/edit.html.erb within layouts/application (Duration: 1.8ms | Allocations: 791)
  Rendered layout layouts/application.html.erb (Duration: 3.3ms | Allocations: 1947)
Completed 200 OK in 6ms (Views: 3.7ms | ActiveRecord: 0.1ms | Allocations: 2718)


Started GET "/books" for ::1 at 2024-10-06 20:10:01 +0900
Processing by BooksController#index as HTML
  Rendering layout layouts/application.html.erb
  Rendering books/index.html.erb within layouts/application
  [1m[36mBook Load (0.1ms)[0m  [1m[34mSELECT "books".* FROM "books"[0m
  ↳ app/views/books/index.html.erb:12
  Rendered books/index.html.erb within layouts/application (Duration: 3.3ms | Allocations: 2143)
  Rendered layout layouts/application.html.erb (Duration: 4.8ms | Allocations: 3303)
Completed 200 OK in 6ms (Views: 5.1ms | ActiveRecord: 0.1ms | Allocations: 3643)


Started GET "/books/2" for ::1 at 2024-10-06 20:10:17 +0900
Processing by BooksController#show as HTML
  Parameters: {"id"=>"2"}
  [1m[36mBook Load (0.1ms)[0m  [1m[34mSELECT "books".* FROM "books" WHERE "books"."id" = ? LIMIT ?[0m  [["id", 2], ["LIMIT", 1]]
  ↳ app/controllers/books_controller.rb:23:in `show'
  Rendering layout layouts/application.html.erb
  Rendering books/show.html.erb within layouts/application
  Rendered books/show.html.erb within layouts/application (Duration: 0.2ms | Allocations: 66)
  Rendered layout layouts/application.html.erb (Duration: 2.6ms | Allocations: 1398)
Completed 200 OK in 5ms (Views: 3.0ms | ActiveRecord: 0.1ms | Allocations: 2168)


Started GET "/books" for ::1 at 2024-10-06 20:10:18 +0900
Processing by BooksController#index as HTML
  Rendering layout layouts/application.html.erb
  Rendering books/index.html.erb within layouts/application
  [1m[36mBook Load (0.1ms)[0m  [1m[34mSELECT "books".* FROM "books"[0m
  ↳ app/views/books/index.html.erb:12
  Rendered books/index.html.erb within layouts/application (Duration: 2.1ms | Allocations: 1532)
  Rendered layout layouts/application.html.erb (Duration: 3.3ms | Allocations: 2692)
Completed 200 OK in 4ms (Views: 3.5ms | ActiveRecord: 0.1ms | Allocations: 2959)


Started GET "/books" for ::1 at 2024-10-06 20:11:35 +0900
Processing by BooksController#index as HTML
  Rendering layout layouts/application.html.erb
  Rendering books/index.html.erb within layouts/application
  [1m[36mBook Load (0.1ms)[0m  [1m[34mSELECT "books".* FROM "books"[0m
  ↳ app/views/books/index.html.erb:12
  Rendered books/index.html.erb within layouts/application (Duration: 2.2ms | Allocations: 2552)
  Rendered layout layouts/application.html.erb (Duration: 9.4ms | Allocations: 17809)
Completed 200 OK in 15ms (Views: 10.6ms | ActiveRecord: 1.2ms | Allocations: 22757)


Started DELETE "/books/2?_method=delete" for ::1 at 2024-10-06 20:11:36 +0900
Processing by BooksController#destroy as TURBO_STREAM
  Parameters: {"id"=>"2"}
  [1m[36mBook Load (0.1ms)[0m  [1m[34mSELECT "books".* FROM "books" WHERE "books"."id" = ? LIMIT ?[0m  [["id", 2], ["LIMIT", 1]]
  ↳ app/controllers/books_controller.rb:43:in `destroy'
  [1m[36mTRANSACTION (0.0ms)[0m  [1m[36mbegin transaction[0m
  ↳ app/controllers/books_controller.rb:44:in `destroy'
  [1m[36mBook Destroy (1.0ms)[0m  [1m[31mDELETE FROM "books" WHERE "books"."id" = ?[0m  [["id", 2]]
  ↳ app/controllers/books_controller.rb:44:in `destroy'
  [1m[36mTRANSACTION (0.3ms)[0m  [1m[36mcommit transaction[0m
  ↳ app/controllers/books_controller.rb:44:in `destroy'
Redirected to http://[::1]:3000/books
Completed 302 Found in 6ms (ActiveRecord: 1.5ms | Allocations: 3383)


Started GET "/books" for ::1 at 2024-10-06 20:11:36 +0900
Processing by BooksController#index as TURBO_STREAM
  Rendering layout layouts/application.html.erb
  Rendering books/index.html.erb within layouts/application
  [1m[36mBook Load (0.0ms)[0m  [1m[34mSELECT "books".* FROM "books"[0m
  ↳ app/views/books/index.html.erb:12
  Rendered books/index.html.erb within layouts/application (Duration: 1.8ms | Allocations: 1475)
  Rendered layout layouts/application.html.erb (Duration: 3.3ms | Allocations: 2635)
Completed 200 OK in 4ms (Views: 3.5ms | ActiveRecord: 0.0ms | Allocations: 2967)


Started GET "/books" for ::1 at 2024-10-06 20:14:29 +0900
Processing by BooksController#index as HTML
  Rendering layout layouts/application.html.erb
  Rendering books/index.html.erb within layouts/application
  [1m[36mBook Load (0.1ms)[0m  [1m[34mSELECT "books".* FROM "books"[0m
  ↳ app/views/books/index.html.erb:12
  Rendered books/index.html.erb within layouts/application (Duration: 2.2ms | Allocations: 2497)
  Rendered layout layouts/application.html.erb (Duration: 9.8ms | Allocations: 17695)
Completed 200 OK in 15ms (Views: 10.8ms | ActiveRecord: 1.3ms | Allocations: 22578)


Started POST "/books" for ::1 at 2024-10-06 20:14:33 +0900
Processing by BooksController#create as TURBO_STREAM
  Parameters: {"authenticity_token"=>"[FILTERED]", "book"=>{"title"=>"b", "body"=>"b"}, "commit"=>"Create Book"}
  [1m[36mTRANSACTION (0.1ms)[0m  [1m[36mbegin transaction[0m
  ↳ app/controllers/books_controller.rb:8:in `create'
  [1m[36mBook Create (1.2ms)[0m  [1m[32mINSERT INTO "books" ("title", "body", "created_at", "updated_at") VALUES (?, ?, ?, ?) RETURNING "id"[0m  [["title", "b"], ["body", "b"], ["created_at", "2024-10-06 11:14:33.119200"], ["updated_at", "2024-10-06 11:14:33.119200"]]
  ↳ app/controllers/books_controller.rb:8:in `create'
  [1m[36mTRANSACTION (0.5ms)[0m  [1m[36mcommit transaction[0m
  ↳ app/controllers/books_controller.rb:8:in `create'
Redirected to http://[::1]:3000/books/3
Completed 302 Found in 7ms (ActiveRecord: 1.7ms | Allocations: 2635)


Started GET "/books/3" for ::1 at 2024-10-06 20:14:33 +0900
Processing by BooksController#show as TURBO_STREAM
  Parameters: {"id"=>"3"}
  [1m[36mBook Load (0.1ms)[0m  [1m[34mSELECT "books".* FROM "books" WHERE "books"."id" = ? LIMIT ?[0m  [["id", 3], ["LIMIT", 1]]
  ↳ app/controllers/books_controller.rb:23:in `show'
  Rendering layout layouts/application.html.erb
  Rendering books/show.html.erb within layouts/application
  Rendered books/show.html.erb within layouts/application (Duration: 0.6ms | Allocations: 200)
  Rendered layout layouts/application.html.erb (Duration: 2.2ms | Allocations: 1554)
Completed 200 OK in 5ms (Views: 2.5ms | ActiveRecord: 0.1ms | Allocations: 3116)


Started GET "/books" for ::1 at 2024-10-06 20:14:34 +0900
Processing by BooksController#index as HTML
  Rendering layout layouts/application.html.erb
  Rendering books/index.html.erb within layouts/application
  [1m[36mBook Load (0.1ms)[0m  [1m[34mSELECT "books".* FROM "books"[0m
  ↳ app/views/books/index.html.erb:12
  Rendered books/index.html.erb within layouts/application (Duration: 2.7ms | Allocations: 1561)
  Rendered layout layouts/application.html.erb (Duration: 4.6ms | Allocations: 2721)
Completed 200 OK in 6ms (Views: 4.9ms | ActiveRecord: 0.1ms | Allocations: 2990)


Started DELETE "/books/3?_method=delete" for ::1 at 2024-10-06 20:14:39 +0900
Processing by BooksController#destroy as TURBO_STREAM
  Parameters: {"id"=>"3"}
  [1m[36mBook Load (0.1ms)[0m  [1m[34mSELECT "books".* FROM "books" WHERE "books"."id" = ? LIMIT ?[0m  [["id", 3], ["LIMIT", 1]]
  ↳ app/controllers/books_controller.rb:43:in `destroy'
  [1m[36mTRANSACTION (0.0ms)[0m  [1m[36mbegin transaction[0m
  ↳ app/controllers/books_controller.rb:44:in `destroy'
  [1m[36mBook Destroy (0.8ms)[0m  [1m[31mDELETE FROM "books" WHERE "books"."id" = ?[0m  [["id", 3]]
  ↳ app/controllers/books_controller.rb:44:in `destroy'
  [1m[36mTRANSACTION (0.3ms)[0m  [1m[36mcommit transaction[0m
  ↳ app/controllers/books_controller.rb:44:in `destroy'
Redirected to http://[::1]:3000/books
Completed 302 Found in 6ms (ActiveRecord: 1.2ms | Allocations: 2548)


Started GET "/books" for ::1 at 2024-10-06 20:14:39 +0900
Processing by BooksController#index as TURBO_STREAM
  Rendering layout layouts/application.html.erb
  Rendering books/index.html.erb within layouts/application
  [1m[36mBook Load (0.1ms)[0m  [1m[34mSELECT "books".* FROM "books"[0m
  ↳ app/views/books/index.html.erb:12
  Rendered books/index.html.erb within layouts/application (Duration: 2.3ms | Allocations: 1456)
  Rendered layout layouts/application.html.erb (Duration: 4.1ms | Allocations: 2623)
Completed 200 OK in 5ms (Views: 4.3ms | ActiveRecord: 0.0ms | Allocations: 2894)


Started POST "/books" for ::1 at 2024-10-06 20:15:26 +0900
Processing by BooksController#create as TURBO_STREAM
  Parameters: {"authenticity_token"=>"[FILTERED]", "book"=>{"title"=>"", "body"=>""}, "commit"=>"Create Book"}
Redirected to http://[::1]:3000/books
Completed 302 Found in 3ms (ActiveRecord: 0.0ms | Allocations: 990)


Started GET "/books" for ::1 at 2024-10-06 20:15:26 +0900
Processing by BooksController#index as TURBO_STREAM
  Rendering layout layouts/application.html.erb
  Rendering books/index.html.erb within layouts/application
  [1m[36mBook Load (0.1ms)[0m  [1m[34mSELECT "books".* FROM "books"[0m
  ↳ app/views/books/index.html.erb:12
  Rendered books/index.html.erb within layouts/application (Duration: 1.9ms | Allocations: 1465)
  Rendered layout layouts/application.html.erb (Duration: 3.8ms | Allocations: 2625)
Completed 200 OK in 5ms (Views: 4.3ms | ActiveRecord: 0.1ms | Allocations: 2895)


Started POST "/books" for ::1 at 2024-10-06 20:15:37 +0900
Processing by BooksController#create as TURBO_STREAM
  Parameters: {"authenticity_token"=>"[FILTERED]", "book"=>{"title"=>"", "body"=>""}, "commit"=>"Create Book"}
Redirected to http://[::1]:3000/books
Completed 302 Found in 1ms (ActiveRecord: 0.0ms | Allocations: 963)


Started GET "/books" for ::1 at 2024-10-06 20:15:37 +0900
Processing by BooksController#index as TURBO_STREAM
  Rendering layout layouts/application.html.erb
  Rendering books/index.html.erb within layouts/application
  [1m[36mBook Load (0.0ms)[0m  [1m[34mSELECT "books".* FROM "books"[0m
  ↳ app/views/books/index.html.erb:12
  Rendered books/index.html.erb within layouts/application (Duration: 1.0ms | Allocations: 1491)
  Rendered layout layouts/application.html.erb (Duration: 2.1ms | Allocations: 2651)
Completed 200 OK in 3ms (Views: 2.2ms | ActiveRecord: 0.0ms | Allocations: 2921)


Started GET "/books" for ::1 at 2024-10-06 20:22:11 +0900
Processing by BooksController#index as HTML
  Rendering layout layouts/application.html.erb
  Rendering books/index.html.erb within layouts/application
  [1m[36mBook Load (0.9ms)[0m  [1m[34mSELECT "books".* FROM "books"[0m
  ↳ app/views/books/index.html.erb:12
  Rendered books/index.html.erb within layouts/application (Duration: 3.2ms | Allocations: 2711)
  Rendered layout layouts/application.html.erb (Duration: 11.4ms | Allocations: 18026)
Completed 200 OK in 16ms (Views: 11.1ms | ActiveRecord: 1.3ms | Allocations: 22303)


Started POST "/books" for ::1 at 2024-10-06 20:22:14 +0900
Processing by BooksController#create as TURBO_STREAM
  Parameters: {"authenticity_token"=>"[FILTERED]", "book"=>{"title"=>"a", "body"=>""}, "commit"=>"Create Book"}
  Rendering layout layouts/application.html.erb
  Rendering books/index.html.erb within layouts/application
  [1m[36mBook Load (0.1ms)[0m  [1m[34mSELECT "books".* FROM "books"[0m
  ↳ app/views/books/index.html.erb:12
  Rendered books/index.html.erb within layouts/application (Duration: 3.9ms | Allocations: 2081)
  Rendered layout layouts/application.html.erb (Duration: 5.6ms | Allocations: 3237)
Completed 200 OK in 9ms (Views: 6.0ms | ActiveRecord: 0.1ms | Allocations: 4525)


Started GET "/books" for ::1 at 2024-10-06 20:22:25 +0900
  [1m[36mActiveRecord::SchemaMigration Load (0.1ms)[0m  [1m[34mSELECT "schema_migrations"."version" FROM "schema_migrations" ORDER BY "schema_migrations"."version" ASC[0m
Processing by BooksController#index as HTML
  Rendering layout layouts/application.html.erb
  Rendering books/index.html.erb within layouts/application
  [1m[36mBook Load (0.0ms)[0m  [1m[34mSELECT "books".* FROM "books"[0m
  ↳ app/views/books/index.html.erb:12
  Rendered books/index.html.erb within layouts/application (Duration: 6.1ms | Allocations: 4995)
  Rendered layout layouts/application.html.erb (Duration: 50.9ms | Allocations: 38978)
Completed 200 OK in 67ms (Views: 53.1ms | ActiveRecord: 0.8ms | Allocations: 55265)


Started POST "/books" for ::1 at 2024-10-06 20:22:27 +0900
Processing by BooksController#create as TURBO_STREAM
  Parameters: {"authenticity_token"=>"[FILTERED]", "book"=>{"title"=>"a", "body"=>""}, "commit"=>"Create Book"}
  Rendering layout layouts/application.html.erb
  Rendering books/index.html.erb within layouts/application
  [1m[36mBook Load (0.1ms)[0m  [1m[34mSELECT "books".* FROM "books"[0m
  ↳ app/views/books/index.html.erb:12
  Rendered books/index.html.erb within layouts/application (Duration: 3.2ms | Allocations: 2260)
  Rendered layout layouts/application.html.erb (Duration: 4.9ms | Allocations: 3526)
Completed 200 OK in 8ms (Views: 5.3ms | ActiveRecord: 0.1ms | Allocations: 5175)


Started POST "/books" for ::1 at 2024-10-06 20:25:05 +0900
Processing by BooksController#create as TURBO_STREAM
  Parameters: {"authenticity_token"=>"[FILTERED]", "book"=>{"title"=>"a", "body"=>"a"}, "commit"=>"Create Book"}
  [1m[36mTRANSACTION (0.1ms)[0m  [1m[36mbegin transaction[0m
  ↳ app/controllers/books_controller.rb:8:in `create'
  [1m[36mBook Create (1.2ms)[0m  [1m[32mINSERT INTO "books" ("title", "body", "created_at", "updated_at") VALUES (?, ?, ?, ?) RETURNING "id"[0m  [["title", "a"], ["body", "a"], ["created_at", "2024-10-06 11:25:05.503155"], ["updated_at", "2024-10-06 11:25:05.503155"]]
  ↳ app/controllers/books_controller.rb:8:in `create'
  [1m[36mTRANSACTION (0.4ms)[0m  [1m[36mcommit transaction[0m
  ↳ app/controllers/books_controller.rb:8:in `create'
Redirected to http://[::1]:3000/books/4
Completed 302 Found in 12ms (ActiveRecord: 1.7ms | Allocations: 3495)


Started GET "/books/4" for ::1 at 2024-10-06 20:25:05 +0900
Processing by BooksController#show as TURBO_STREAM
  Parameters: {"id"=>"4"}
  [1m[36mBook Load (0.1ms)[0m  [1m[34mSELECT "books".* FROM "books" WHERE "books"."id" = ? LIMIT ?[0m  [["id", 4], ["LIMIT", 1]]
  ↳ app/controllers/books_controller.rb:24:in `show'
  Rendering layout layouts/application.html.erb
  Rendering books/show.html.erb within layouts/application
  Rendered books/show.html.erb within layouts/application (Duration: 0.4ms | Allocations: 282)
  Rendered layout layouts/application.html.erb (Duration: 2.0ms | Allocations: 1830)
Completed 200 OK in 13ms (Views: 2.3ms | ActiveRecord: 0.1ms | Allocations: 6168)


Started GET "/books" for ::1 at 2024-10-06 20:25:06 +0900
Processing by BooksController#index as HTML
  Rendering layout layouts/application.html.erb
  Rendering books/index.html.erb within layouts/application
  [1m[36mBook Load (0.1ms)[0m  [1m[34mSELECT "books".* FROM "books"[0m
  ↳ app/views/books/index.html.erb:12
  Rendered books/index.html.erb within layouts/application (Duration: 2.6ms | Allocations: 1668)
  Rendered layout layouts/application.html.erb (Duration: 4.1ms | Allocations: 2830)
Completed 200 OK in 5ms (Views: 4.4ms | ActiveRecord: 0.0ms | Allocations: 3119)


Started POST "/books" for ::1 at 2024-10-06 20:25:09 +0900
Processing by BooksController#create as TURBO_STREAM
  Parameters: {"authenticity_token"=>"[FILTERED]", "book"=>{"title"=>"a", "body"=>"a"}, "commit"=>"Create Book"}
  [1m[36mTRANSACTION (0.1ms)[0m  [1m[36mbegin transaction[0m
  ↳ app/controllers/books_controller.rb:8:in `create'
  [1m[36mBook Create (1.3ms)[0m  [1m[32mINSERT INTO "books" ("title", "body", "created_at", "updated_at") VALUES (?, ?, ?, ?) RETURNING "id"[0m  [["title", "a"], ["body", "a"], ["created_at", "2024-10-06 11:25:09.137399"], ["updated_at", "2024-10-06 11:25:09.137399"]]
  ↳ app/controllers/books_controller.rb:8:in `create'
  [1m[36mTRANSACTION (0.1ms)[0m  [1m[36mcommit transaction[0m
  ↳ app/controllers/books_controller.rb:8:in `create'
Redirected to http://[::1]:3000/books/5
Completed 302 Found in 6ms (ActiveRecord: 1.5ms | Allocations: 2423)


Started GET "/books/5" for ::1 at 2024-10-06 20:25:09 +0900
Processing by BooksController#show as TURBO_STREAM
  Parameters: {"id"=>"5"}
  [1m[36mBook Load (0.1ms)[0m  [1m[34mSELECT "books".* FROM "books" WHERE "books"."id" = ? LIMIT ?[0m  [["id", 5], ["LIMIT", 1]]
  ↳ app/controllers/books_controller.rb:24:in `show'
  Rendering layout layouts/application.html.erb
  Rendering books/show.html.erb within layouts/application
  Rendered books/show.html.erb within layouts/application (Duration: 0.2ms | Allocations: 66)
  Rendered layout layouts/application.html.erb (Duration: 2.1ms | Allocations: 1430)
Completed 200 OK in 3ms (Views: 2.4ms | ActiveRecord: 0.1ms | Allocations: 2210)


Started GET "/books" for ::1 at 2024-10-06 20:25:09 +0900
Processing by BooksController#index as HTML
  Rendering layout layouts/application.html.erb
  Rendering books/index.html.erb within layouts/application
  [1m[36mBook Load (0.1ms)[0m  [1m[34mSELECT "books".* FROM "books"[0m
  ↳ app/views/books/index.html.erb:12
  Rendered books/index.html.erb within layouts/application (Duration: 3.5ms | Allocations: 1662)
  Rendered layout layouts/application.html.erb (Duration: 5.1ms | Allocations: 2822)
Completed 200 OK in 6ms (Views: 5.5ms | ActiveRecord: 0.1ms | Allocations: 3089)


Started POST "/books" for ::1 at 2024-10-06 20:25:14 +0900
Processing by BooksController#create as TURBO_STREAM
  Parameters: {"authenticity_token"=>"[FILTERED]", "book"=>{"title"=>"", "body"=>""}, "commit"=>"Create Book"}
  Rendering layout layouts/application.html.erb
  Rendering books/index.html.erb within layouts/application
  [1m[36mBook Load (0.0ms)[0m  [1m[34mSELECT "books".* FROM "books"[0m
  ↳ app/views/books/index.html.erb:12
  Rendered books/index.html.erb within layouts/application (Duration: 1.7ms | Allocations: 2962)
  Rendered layout layouts/application.html.erb (Duration: 2.5ms | Allocations: 4118)
Completed 200 OK in 4ms (Views: 2.7ms | ActiveRecord: 0.0ms | Allocations: 5217)


Started POST "/books" for ::1 at 2024-10-06 20:25:16 +0900
Processing by BooksController#create as TURBO_STREAM
  Parameters: {"authenticity_token"=>"[FILTERED]", "book"=>{"title"=>"", "body"=>""}, "commit"=>"Create Book"}
  Rendering layout layouts/application.html.erb
  Rendering books/index.html.erb within layouts/application
  [1m[36mBook Load (0.0ms)[0m  [1m[34mSELECT "books".* FROM "books"[0m
  ↳ app/views/books/index.html.erb:12
  Rendered books/index.html.erb within layouts/application (Duration: 2.1ms | Allocations: 2932)
  Rendered layout layouts/application.html.erb (Duration: 3.0ms | Allocations: 4088)
Completed 200 OK in 4ms (Views: 3.2ms | ActiveRecord: 0.0ms | Allocations: 5181)


Started POST "/books" for ::1 at 2024-10-06 20:29:59 +0900
Processing by BooksController#create as TURBO_STREAM
  Parameters: {"authenticity_token"=>"[FILTERED]", "book"=>{"title"=>"", "body"=>""}, "commit"=>"Create Book"}
  Rendering layout layouts/application.html.erb
  Rendering books/index.html.erb within layouts/application
  [1m[36mBook Load (0.1ms)[0m  [1m[34mSELECT "books".* FROM "books"[0m
  ↳ app/views/books/index.html.erb:12
  Rendered books/index.html.erb within layouts/application (Duration: 2.2ms | Allocations: 3883)
  Rendered layout layouts/application.html.erb (Duration: 11.2ms | Allocations: 19113)
Completed 200 OK in 17ms (Views: 12.6ms | ActiveRecord: 1.0ms | Allocations: 25131)


Started POST "/books" for ::1 at 2024-10-06 20:30:01 +0900
Processing by BooksController#create as TURBO_STREAM
  Parameters: {"authenticity_token"=>"[FILTERED]", "book"=>{"title"=>"a", "body"=>""}, "commit"=>"Create Book"}
  Rendering layout layouts/application.html.erb
  Rendering books/index.html.erb within layouts/application
  [1m[36mBook Load (0.1ms)[0m  [1m[34mSELECT "books".* FROM "books"[0m
  ↳ app/views/books/index.html.erb:12
  Rendered books/index.html.erb within layouts/application (Duration: 2.3ms | Allocations: 2198)
  Rendered layout layouts/application.html.erb (Duration: 3.5ms | Allocations: 3354)
Completed 200 OK in 5ms (Views: 3.7ms | ActiveRecord: 0.1ms | Allocations: 4576)


Started GET "/books" for ::1 at 2024-10-06 20:30:03 +0900
Processing by BooksController#index as HTML
  Rendering layout layouts/application.html.erb
  Rendering books/index.html.erb within layouts/application
  [1m[36mBook Load (0.1ms)[0m  [1m[34mSELECT "books".* FROM "books"[0m
  ↳ app/views/books/index.html.erb:12
  Rendered books/index.html.erb within layouts/application (Duration: 1.9ms | Allocations: 1696)
  Rendered layout layouts/application.html.erb (Duration: 3.1ms | Allocations: 2856)
Completed 200 OK in 4ms (Views: 3.3ms | ActiveRecord: 0.1ms | Allocations: 3131)


Started GET "/books/1/edit" for ::1 at 2024-10-06 20:30:05 +0900
Processing by BooksController#edit as HTML
  Parameters: {"id"=>"1"}
  [1m[36mBook Load (0.2ms)[0m  [1m[34mSELECT "books".* FROM "books" WHERE "books"."id" = ? LIMIT ?[0m  [["id", 1], ["LIMIT", 1]]
  ↳ app/controllers/books_controller.rb:28:in `edit'
  Rendering layout layouts/application.html.erb
  Rendering books/edit.html.erb within layouts/application
  Rendered books/edit.html.erb within layouts/application (Duration: 2.8ms | Allocations: 1116)
  Rendered layout layouts/application.html.erb (Duration: 4.5ms | Allocations: 2272)
Completed 200 OK in 8ms (Views: 4.9ms | ActiveRecord: 0.2ms | Allocations: 3786)


Started PATCH "/books/1" for ::1 at 2024-10-06 20:30:06 +0900
Processing by BooksController#update as TURBO_STREAM
  Parameters: {"authenticity_token"=>"[FILTERED]", "book"=>{"title"=>"a.1", "body"=>"a.1"}, "commit"=>"Update Book", "id"=>"1"}
  [1m[36mBook Load (0.1ms)[0m  [1m[34mSELECT "books".* FROM "books" WHERE "books"."id" = ? LIMIT ?[0m  [["id", 1], ["LIMIT", 1]]
  ↳ app/controllers/books_controller.rb:32:in `update'
Redirected to http://[::1]:3000/books/1
Completed 302 Found in 3ms (ActiveRecord: 0.1ms | Allocations: 1170)


Started GET "/books/1" for ::1 at 2024-10-06 20:30:06 +0900
Processing by BooksController#show as TURBO_STREAM
  Parameters: {"id"=>"1"}
  [1m[36mBook Load (0.1ms)[0m  [1m[34mSELECT "books".* FROM "books" WHERE "books"."id" = ? LIMIT ?[0m  [["id", 1], ["LIMIT", 1]]
  ↳ app/controllers/books_controller.rb:24:in `show'
  Rendering layout layouts/application.html.erb
  Rendering books/show.html.erb within layouts/application
  Rendered books/show.html.erb within layouts/application (Duration: 0.6ms | Allocations: 200)
  Rendered layout layouts/application.html.erb (Duration: 2.2ms | Allocations: 1572)
Completed 200 OK in 4ms (Views: 2.5ms | ActiveRecord: 0.1ms | Allocations: 2403)


Started GET "/books" for ::1 at 2024-10-06 20:30:07 +0900
Processing by BooksController#index as HTML
  Rendering layout layouts/application.html.erb
  Rendering books/index.html.erb within layouts/application
  [1m[36mBook Load (0.1ms)[0m  [1m[34mSELECT "books".* FROM "books"[0m
  ↳ app/views/books/index.html.erb:12
  Rendered books/index.html.erb within layouts/application (Duration: 3.3ms | Allocations: 1695)
  Rendered layout layouts/application.html.erb (Duration: 5.5ms | Allocations: 2855)
Completed 200 OK in 7ms (Views: 5.8ms | ActiveRecord: 0.1ms | Allocations: 3122)


Started POST "/books" for ::1 at 2024-10-06 20:30:09 +0900
Processing by BooksController#create as TURBO_STREAM
  Parameters: {"authenticity_token"=>"[FILTERED]", "book"=>{"title"=>"", "body"=>""}, "commit"=>"Create Book"}
  Rendering layout layouts/application.html.erb
  Rendering books/index.html.erb within layouts/application
  [1m[36mBook Load (0.1ms)[0m  [1m[34mSELECT "books".* FROM "books"[0m
  ↳ app/views/books/index.html.erb:12
  Rendered books/index.html.erb within layouts/application (Duration: 2.2ms | Allocations: 2931)
  Rendered layout layouts/application.html.erb (Duration: 3.7ms | Allocations: 4087)
Completed 200 OK in 5ms (Views: 3.9ms | ActiveRecord: 0.0ms | Allocations: 5158)


Started GET "/books" for ::1 at 2024-10-06 20:31:11 +0900
Processing by BooksController#index as HTML
  Rendering layout layouts/application.html.erb
  Rendering books/index.html.erb within layouts/application
  [1m[36mBook Load (0.1ms)[0m  [1m[34mSELECT "books".* FROM "books"[0m
  ↳ app/views/books/index.html.erb:12
  Rendered books/index.html.erb within layouts/application (Duration: 1.9ms | Allocations: 2726)
  Rendered layout layouts/application.html.erb (Duration: 8.7ms | Allocations: 18014)
Completed 200 OK in 14ms (Views: 9.6ms | ActiveRecord: 1.1ms | Allocations: 22924)


Started POST "/books" for ::1 at 2024-10-06 20:31:15 +0900
Processing by BooksController#create as TURBO_STREAM
  Parameters: {"authenticity_token"=>"[FILTERED]", "book"=>{"title"=>"", "body"=>""}, "commit"=>"Create Book"}
  Rendering layout layouts/application.html.erb
  Rendering books/index.html.erb within layouts/application
  [1m[36mBook Load (0.1ms)[0m  [1m[34mSELECT "books".* FROM "books"[0m
  ↳ app/views/books/index.html.erb:12
  Rendered books/index.html.erb within layouts/application (Duration: 4.1ms | Allocations: 2946)
  Rendered layout layouts/application.html.erb (Duration: 5.9ms | Allocations: 4108)
Completed 200 OK in 9ms (Views: 6.7ms | ActiveRecord: 0.1ms | Allocations: 5412)


Started DELETE "/books/5?_method=delete" for ::1 at 2024-10-06 20:31:30 +0900
Processing by BooksController#destroy as TURBO_STREAM
  Parameters: {"id"=>"5"}
  [1m[36mBook Load (0.1ms)[0m  [1m[34mSELECT "books".* FROM "books" WHERE "books"."id" = ? LIMIT ?[0m  [["id", 5], ["LIMIT", 1]]
  ↳ app/controllers/books_controller.rb:44:in `destroy'
  [1m[36mTRANSACTION (0.0ms)[0m  [1m[36mbegin transaction[0m
  ↳ app/controllers/books_controller.rb:45:in `destroy'
  [1m[36mBook Destroy (0.4ms)[0m  [1m[31mDELETE FROM "books" WHERE "books"."id" = ?[0m  [["id", 5]]
  ↳ app/controllers/books_controller.rb:45:in `destroy'
  [1m[36mTRANSACTION (0.4ms)[0m  [1m[36mcommit transaction[0m
  ↳ app/controllers/books_controller.rb:45:in `destroy'
Redirected to http://[::1]:3000/books
Completed 302 Found in 6ms (ActiveRecord: 1.0ms | Allocations: 3342)


Started GET "/books" for ::1 at 2024-10-06 20:31:30 +0900
Processing by BooksController#index as TURBO_STREAM
  Rendering layout layouts/application.html.erb
  Rendering books/index.html.erb within layouts/application
  [1m[36mBook Load (0.0ms)[0m  [1m[34mSELECT "books".* FROM "books"[0m
  ↳ app/views/books/index.html.erb:12
  Rendered books/index.html.erb within layouts/application (Duration: 1.8ms | Allocations: 1579)
  Rendered layout layouts/application.html.erb (Duration: 3.2ms | Allocations: 2739)
Completed 200 OK in 4ms (Views: 3.6ms | ActiveRecord: 0.0ms | Allocations: 3011)


Started GET "/books/4" for ::1 at 2024-10-06 20:31:33 +0900
Processing by BooksController#show as HTML
  Parameters: {"id"=>"4"}
  [1m[36mBook Load (0.1ms)[0m  [1m[34mSELECT "books".* FROM "books" WHERE "books"."id" = ? LIMIT ?[0m  [["id", 4], ["LIMIT", 1]]
  ↳ app/controllers/books_controller.rb:24:in `show'
  Rendering layout layouts/application.html.erb
  Rendering books/show.html.erb within layouts/application
  Rendered books/show.html.erb within layouts/application (Duration: 0.6ms | Allocations: 200)
  Rendered layout layouts/application.html.erb (Duration: 2.5ms | Allocations: 1538)
Completed 200 OK in 5ms (Views: 2.8ms | ActiveRecord: 0.1ms | Allocations: 2369)


Started GET "/books" for ::1 at 2024-10-06 20:31:34 +0900
Processing by BooksController#index as HTML
  Rendering layout layouts/application.html.erb
  Rendering books/index.html.erb within layouts/application
  [1m[36mBook Load (0.1ms)[0m  [1m[34mSELECT "books".* FROM "books"[0m
  ↳ app/views/books/index.html.erb:12
  Rendered books/index.html.erb within layouts/application (Duration: 3.3ms | Allocations: 1544)
  Rendered layout layouts/application.html.erb (Duration: 5.3ms | Allocations: 2704)
Completed 200 OK in 6ms (Views: 5.6ms | ActiveRecord: 0.1ms | Allocations: 2971)


Started GET "/books/4/edit" for ::1 at 2024-10-06 20:31:50 +0900
Processing by BooksController#edit as HTML
  Parameters: {"id"=>"4"}
  [1m[36mBook Load (0.1ms)[0m  [1m[34mSELECT "books".* FROM "books" WHERE "books"."id" = ? LIMIT ?[0m  [["id", 4], ["LIMIT", 1]]
  ↳ app/controllers/books_controller.rb:28:in `edit'
  Rendering layout layouts/application.html.erb
  Rendering books/edit.html.erb within layouts/application
  Rendered books/edit.html.erb within layouts/application (Duration: 2.5ms | Allocations: 1070)
  Rendered layout layouts/application.html.erb (Duration: 4.5ms | Allocations: 2226)
Completed 200 OK in 7ms (Views: 5.0ms | ActiveRecord: 0.1ms | Allocations: 3056)


Started PATCH "/books/4" for ::1 at 2024-10-06 20:31:52 +0900
Processing by BooksController#update as TURBO_STREAM
  Parameters: {"authenticity_token"=>"[FILTERED]", "book"=>{"title"=>"a", "body"=>"a"}, "commit"=>"Update Book", "id"=>"4"}
  [1m[36mBook Load (0.1ms)[0m  [1m[34mSELECT "books".* FROM "books" WHERE "books"."id" = ? LIMIT ?[0m  [["id", 4], ["LIMIT", 1]]
  ↳ app/controllers/books_controller.rb:32:in `update'
Redirected to http://[::1]:3000/books/4
Completed 302 Found in 3ms (ActiveRecord: 0.1ms | Allocations: 1066)


Started GET "/books/4" for ::1 at 2024-10-06 20:31:52 +0900
Processing by BooksController#show as TURBO_STREAM
  Parameters: {"id"=>"4"}
  [1m[36mBook Load (0.1ms)[0m  [1m[34mSELECT "books".* FROM "books" WHERE "books"."id" = ? LIMIT ?[0m  [["id", 4], ["LIMIT", 1]]
  ↳ app/controllers/books_controller.rb:24:in `show'
  Rendering layout layouts/application.html.erb
  Rendering books/show.html.erb within layouts/application
  Rendered books/show.html.erb within layouts/application (Duration: 0.2ms | Allocations: 66)
  Rendered layout layouts/application.html.erb (Duration: 1.8ms | Allocations: 1429)
Completed 200 OK in 3ms (Views: 2.3ms | ActiveRecord: 0.1ms | Allocations: 2202)


Started GET "/books" for ::1 at 2024-10-06 20:31:54 +0900
Processing by BooksController#index as HTML
  Rendering layout layouts/application.html.erb
  Rendering books/index.html.erb within layouts/application
  [1m[36mBook Load (0.1ms)[0m  [1m[34mSELECT "books".* FROM "books"[0m
  ↳ app/views/books/index.html.erb:12
  Rendered books/index.html.erb within layouts/application (Duration: 2.7ms | Allocations: 1581)
  Rendered layout layouts/application.html.erb (Duration: 4.2ms | Allocations: 2741)
Completed 200 OK in 5ms (Views: 4.5ms | ActiveRecord: 0.1ms | Allocations: 3008)


